app/build/intermediates/manifest_merge_blame_file/debug/manifest-merger-blame-debug-report.txt
1<?xml version="1.0" encoding="utf-8"?>
2<manifest xmlns:android="http://schemas.android.com/apk/res/android"
3    package="com.dong_pham.trafficsignrecognition"
4    android:versionCode="1"
5    android:versionName="1.0" >
6
7    <uses-sdk
8        android:minSdkVersion="21"
8-->src\main\AndroidManifest.xml
9        android:targetSdkVersion="31" />
9-->src\main\AndroidManifest.xml
10
11    <uses-permission android:name="android.permission.INTERNET" />
11-->src\main\AndroidManifest.xml:4:5-66
11-->src\main\AndroidManifest.xml:4:22-64
12    <uses-permission android:name="android.permission.CAMERA" />
12-->src\main\AndroidManifest.xml:5:5-81
12-->src\main\AndroidManifest.xml:5:22-62
13    <uses-permission android:name="android.permission.ACCESS_NETWORK_STATE" />
13-->[com.google.firebase:firebase-auth:21.0.1] AndroidManifest.xml:24:5-79
13-->[com.google.firebase:firebase-auth:21.0.1] AndroidManifest.xml:24:22-76
14    <uses-permission android:name="android.permission.REORDER_TASKS" />
14-->[androidx.test:core:1.4.0] AndroidManifest.xml:24:5-72
14-->[androidx.test:core:1.4.0] AndroidManifest.xml:24:22-69
15
16    <application
16-->src\main\AndroidManifest.xml:7:5-32:19
17        android:allowBackup="true"
17-->src\main\AndroidManifest.xml:8:9-35
18        android:appComponentFactory="androidx.core.app.CoreComponentFactory"
18-->[androidx.core:core:1.7.0] AndroidManifest.xml:24:18-86
19        android:debuggable="true"
20        android:icon="@drawable/istockphoto_1128250462_1024x1024"
20-->src\main\AndroidManifest.xml:9:9-66
21        android:label="@string/app_name"
21-->src\main\AndroidManifest.xml:10:9-41
22        android:roundIcon="@mipmap/ic_launcher_round"
22-->src\main\AndroidManifest.xml:11:9-54
23        android:supportsRtl="true"
23-->src\main\AndroidManifest.xml:12:9-35
24        android:testOnly="true"
25        android:theme="@style/Theme.TrafficSignRecognition" >
25-->src\main\AndroidManifest.xml:13:9-60
26        <activity
26-->src\main\AndroidManifest.xml:14:9-16:39
27            android:name="com.dong_pham.trafficsignrecognition.views.SignInActivity"
27-->src\main\AndroidManifest.xml:15:13-49
28            android:exported="true" />
28-->src\main\AndroidManifest.xml:16:13-36
29        <activity
29-->src\main\AndroidManifest.xml:17:9-25:20
30            android:name="com.dong_pham.trafficsignrecognition.views.LoadingProject"
30-->src\main\AndroidManifest.xml:18:13-49
31            android:exported="true" >
31-->src\main\AndroidManifest.xml:19:13-36
32            <intent-filter>
32-->src\main\AndroidManifest.xml:20:13-24:29
33                <action android:name="android.intent.action.MAIN" />
33-->src\main\AndroidManifest.xml:21:17-69
33-->src\main\AndroidManifest.xml:21:25-66
34
35                <category android:name="android.intent.category.LAUNCHER" />
35-->src\main\AndroidManifest.xml:23:17-77
35-->src\main\AndroidManifest.xml:23:27-74
36            </intent-filter>
37        </activity>
38        <activity
38-->src\main\AndroidManifest.xml:26:9-28:39
39            android:name="com.dong_pham.trafficsignrecognition.views.CreateAccountActivity"
39-->src\main\AndroidManifest.xml:27:13-56
40            android:exported="true" />
40-->src\main\AndroidManifest.xml:28:13-36
41        <activity
41-->src\main\AndroidManifest.xml:29:9-31:39
42            android:name="com.dong_pham.trafficsignrecognition.views.HomeActivity"
42-->src\main\AndroidManifest.xml:30:13-47
43            android:exported="true" />
43-->src\main\AndroidManifest.xml:31:13-36
44        <activity
44-->[androidx.slice:slice-core:1.0.0] AndroidManifest.xml:23:9-26:20
45            android:name="androidx.slice.compat.SlicePermissionActivity"
45-->[androidx.slice:slice-core:1.0.0] AndroidManifest.xml:24:13-73
46            android:excludeFromRecents="true" >
46-->[androidx.slice:slice-core:1.0.0] AndroidManifest.xml:25:13-46
47        </activity>
48        <activity
48-->[com.google.firebase:firebase-auth:21.0.1] AndroidManifest.xml:27:9-44:20
49            android:name="com.google.firebase.auth.internal.GenericIdpActivity"
49-->[com.google.firebase:firebase-auth:21.0.1] AndroidManifest.xml:28:13-80
50            android:excludeFromRecents="true"
50-->[com.google.firebase:firebase-auth:21.0.1] AndroidManifest.xml:29:13-46
51            android:exported="true"
51-->[com.google.firebase:firebase-auth:21.0.1] AndroidManifest.xml:30:13-36
52            android:launchMode="singleTask"
52-->[com.google.firebase:firebase-auth:21.0.1] AndroidManifest.xml:31:13-44
53            android:theme="@android:style/Theme.Translucent.NoTitleBar" >
53-->[com.google.firebase:firebase-auth:21.0.1] AndroidManifest.xml:32:13-72
54            <intent-filter>
54-->[com.google.firebase:firebase-auth:21.0.1] AndroidManifest.xml:33:13-43:29
55                <action android:name="android.intent.action.VIEW" />
55-->[com.google.firebase:firebase-auth:21.0.1] AndroidManifest.xml:34:17-69
55-->[com.google.firebase:firebase-auth:21.0.1] AndroidManifest.xml:34:25-66
56
57                <category android:name="android.intent.category.DEFAULT" />
57-->[com.google.firebase:firebase-auth:21.0.1] AndroidManifest.xml:36:17-76
57-->[com.google.firebase:firebase-auth:21.0.1] AndroidManifest.xml:36:27-73
58                <category android:name="android.intent.category.BROWSABLE" />
58-->[com.google.firebase:firebase-auth:21.0.1] AndroidManifest.xml:37:17-78
58-->[com.google.firebase:firebase-auth:21.0.1] AndroidManifest.xml:37:27-75
59
60                <data
60-->[com.google.firebase:firebase-auth:21.0.1] AndroidManifest.xml:39:17-42:51
61                    android:host="firebase.auth"
61-->[com.google.firebase:firebase-auth:21.0.1] AndroidManifest.xml:40:21-49
62                    android:path="/"
62-->[com.google.firebase:firebase-auth:21.0.1] AndroidManifest.xml:41:21-37
63                    android:scheme="genericidp" />
63-->[com.google.firebase:firebase-auth:21.0.1] AndroidManifest.xml:42:21-48
64            </intent-filter>
65        </activity>
66        <activity
66-->[com.google.firebase:firebase-auth:21.0.1] AndroidManifest.xml:45:9-62:20
67            android:name="com.google.firebase.auth.internal.RecaptchaActivity"
67-->[com.google.firebase:firebase-auth:21.0.1] AndroidManifest.xml:46:13-79
68            android:excludeFromRecents="true"
68-->[com.google.firebase:firebase-auth:21.0.1] AndroidManifest.xml:47:13-46
69            android:exported="true"
69-->[com.google.firebase:firebase-auth:21.0.1] AndroidManifest.xml:48:13-36
70            android:launchMode="singleTask"
70-->[com.google.firebase:firebase-auth:21.0.1] AndroidManifest.xml:49:13-44
71            android:theme="@android:style/Theme.Translucent.NoTitleBar" >
71-->[com.google.firebase:firebase-auth:21.0.1] AndroidManifest.xml:50:13-72
72            <intent-filter>
72-->[com.google.firebase:firebase-auth:21.0.1] AndroidManifest.xml:51:13-61:29
73                <action android:name="android.intent.action.VIEW" />
73-->[com.google.firebase:firebase-auth:21.0.1] AndroidManifest.xml:34:17-69
73-->[com.google.firebase:firebase-auth:21.0.1] AndroidManifest.xml:34:25-66
74
75                <category android:name="android.intent.category.DEFAULT" />
75-->[com.google.firebase:firebase-auth:21.0.1] AndroidManifest.xml:36:17-76
75-->[com.google.firebase:firebase-auth:21.0.1] AndroidManifest.xml:36:27-73
76                <category android:name="android.intent.category.BROWSABLE" />
76-->[com.google.firebase:firebase-auth:21.0.1] AndroidManifest.xml:37:17-78
76-->[com.google.firebase:firebase-auth:21.0.1] AndroidManifest.xml:37:27-75
77
78                <data
78-->[com.google.firebase:firebase-auth:21.0.1] AndroidManifest.xml:39:17-42:51
79                    android:host="firebase.auth"
79-->[com.google.firebase:firebase-auth:21.0.1] AndroidManifest.xml:40:21-49
80                    android:path="/"
80-->[com.google.firebase:firebase-auth:21.0.1] AndroidManifest.xml:41:21-37
81                    android:scheme="recaptcha" />
81-->[com.google.firebase:firebase-auth:21.0.1] AndroidManifest.xml:42:21-48
82            </intent-filter>
83        </activity>
84
85        <service
85-->[com.google.firebase:firebase-auth:21.0.1] AndroidManifest.xml:64:9-73:19
86            android:name="com.google.firebase.auth.api.fallback.service.FirebaseAuthFallbackService"
86-->[com.google.firebase:firebase-auth:21.0.1] AndroidManifest.xml:65:13-101
87            android:enabled="true"
87-->[com.google.firebase:firebase-auth:21.0.1] AndroidManifest.xml:66:13-35
88            android:exported="false" >
88-->[com.google.firebase:firebase-auth:21.0.1] AndroidManifest.xml:67:13-37
89            <intent-filter>
89-->[com.google.firebase:firebase-auth:21.0.1] AndroidManifest.xml:68:13-72:29
90                <action android:name="com.google.firebase.auth.api.gms.service.START" />
90-->[com.google.firebase:firebase-auth:21.0.1] AndroidManifest.xml:69:17-89
90-->[com.google.firebase:firebase-auth:21.0.1] AndroidManifest.xml:69:25-86
91
92                <category android:name="android.intent.category.DEFAULT" />
92-->[com.google.firebase:firebase-auth:21.0.1] AndroidManifest.xml:36:17-76
92-->[com.google.firebase:firebase-auth:21.0.1] AndroidManifest.xml:36:27-73
93            </intent-filter>
94        </service>
95        <service
95-->[com.google.firebase:firebase-auth:21.0.1] AndroidManifest.xml:74:9-80:19
96            android:name="com.google.firebase.components.ComponentDiscoveryService"
96-->[com.google.firebase:firebase-auth:21.0.1] AndroidManifest.xml:75:13-84
97            android:directBootAware="true"
97-->[com.google.firebase:firebase-common:20.0.0] AndroidManifest.xml:35:13-43
98            android:exported="false" >
98-->[com.google.firebase:firebase-auth:21.0.1] AndroidManifest.xml:76:13-37
99            <meta-data
99-->[com.google.firebase:firebase-auth:21.0.1] AndroidManifest.xml:77:13-79:85
100                android:name="com.google.firebase.components:com.google.firebase.auth.FirebaseAuthRegistrar"
100-->[com.google.firebase:firebase-auth:21.0.1] AndroidManifest.xml:78:17-109
101                android:value="com.google.firebase.components.ComponentRegistrar" />
101-->[com.google.firebase:firebase-auth:21.0.1] AndroidManifest.xml:79:17-82
102        </service>
103
104        <activity
104-->[com.google.android.gms:play-services-base:17.1.0] AndroidManifest.xml:23:9-26:75
105            android:name="com.google.android.gms.common.api.GoogleApiActivity"
105-->[com.google.android.gms:play-services-base:17.1.0] AndroidManifest.xml:24:13-79
106            android:exported="false"
106-->[com.google.android.gms:play-services-base:17.1.0] AndroidManifest.xml:25:13-37
107            android:theme="@android:style/Theme.Translucent.NoTitleBar" />
107-->[com.google.android.gms:play-services-base:17.1.0] AndroidManifest.xml:26:13-72
108
109        <provider
109-->[com.google.firebase:firebase-common:20.0.0] AndroidManifest.xml:26:9-31:39
110            android:name="com.google.firebase.provider.FirebaseInitProvider"
110-->[com.google.firebase:firebase-common:20.0.0] AndroidManifest.xml:27:13-77
111            android:authorities="com.dong_pham.trafficsignrecognition.firebaseinitprovider"
111-->[com.google.firebase:firebase-common:20.0.0] AndroidManifest.xml:28:13-72
112            android:directBootAware="true"
112-->[com.google.firebase:firebase-common:20.0.0] AndroidManifest.xml:29:13-43
113            android:exported="false"
113-->[com.google.firebase:firebase-common:20.0.0] AndroidManifest.xml:30:13-37
114            android:initOrder="100" />
114-->[com.google.firebase:firebase-common:20.0.0] AndroidManifest.xml:31:13-36
115
116        <meta-data
116-->[com.google.android.gms:play-services-basement:17.1.0] AndroidManifest.xml:23:9-25:69
117            android:name="com.google.android.gms.version"
117-->[com.google.android.gms:play-services-basement:17.1.0] AndroidManifest.xml:24:13-58
118            android:value="@integer/google_play_services_version" />
118-->[com.google.android.gms:play-services-basement:17.1.0] AndroidManifest.xml:25:13-66
119
120        <provider
120-->[androidx.emoji2:emoji2:1.0.0] AndroidManifest.xml:26:9-34:20
121            android:name="androidx.startup.InitializationProvider"
121-->[androidx.emoji2:emoji2:1.0.0] AndroidManifest.xml:27:13-67
122            android:authorities="com.dong_pham.trafficsignrecognition.androidx-startup"
122-->[androidx.emoji2:emoji2:1.0.0] AndroidManifest.xml:28:13-68
123            android:exported="false" >
123-->[androidx.emoji2:emoji2:1.0.0] AndroidManifest.xml:29:13-37
124            <meta-data
124-->[androidx.emoji2:emoji2:1.0.0] AndroidManifest.xml:31:13-33:52
125                android:name="androidx.emoji2.text.EmojiCompatInitializer"
125-->[androidx.emoji2:emoji2:1.0.0] AndroidManifest.xml:32:17-75
126                android:value="androidx.startup" />
126-->[androidx.emoji2:emoji2:1.0.0] AndroidManifest.xml:33:17-49
127            <meta-data
127-->[androidx.lifecycle:lifecycle-process:2.4.0] AndroidManifest.xml:31:13-33:52
128                android:name="androidx.lifecycle.ProcessLifecycleInitializer"
128-->[androidx.lifecycle:lifecycle-process:2.4.0] AndroidManifest.xml:32:17-78
129                android:value="androidx.startup" />
129-->[androidx.lifecycle:lifecycle-process:2.4.0] AndroidManifest.xml:33:17-49
130        </provider>
131
132        <activity
132-->[androidx.test:core:1.4.0] AndroidManifest.xml:27:9-34:20
133            android:name="androidx.test.core.app.InstrumentationActivityInvoker$BootstrapActivity"
133-->[androidx.test:core:1.4.0] AndroidManifest.xml:28:13-99
134            android:exported="true"
134-->[androidx.test:core:1.4.0] AndroidManifest.xml:29:13-36
135            android:theme="@android:style/Theme" >
135-->[androidx.test:core:1.4.0] AndroidManifest.xml:30:13-49
136            <intent-filter>
136-->[androidx.test:core:1.4.0] AndroidManifest.xml:31:13-33:29
137                <action android:name="android.intent.action.MAIN" />
137-->src\main\AndroidManifest.xml:21:17-69
137-->src\main\AndroidManifest.xml:21:25-66
138            </intent-filter>
139        </activity>
140        <activity
140-->[androidx.test:core:1.4.0] AndroidManifest.xml:35:9-42:20
141            android:name="androidx.test.core.app.InstrumentationActivityInvoker$EmptyActivity"
141-->[androidx.test:core:1.4.0] AndroidManifest.xml:36:13-95
142            android:exported="true"
142-->[androidx.test:core:1.4.0] AndroidManifest.xml:37:13-36
143            android:theme="@android:style/Theme" >
143-->[androidx.test:core:1.4.0] AndroidManifest.xml:38:13-49
144            <intent-filter>
144-->[androidx.test:core:1.4.0] AndroidManifest.xml:31:13-33:29
145                <action android:name="android.intent.action.MAIN" />
145-->src\main\AndroidManifest.xml:21:17-69
145-->src\main\AndroidManifest.xml:21:25-66
146            </intent-filter>
147        </activity>
148        <activity
148-->[androidx.test:core:1.4.0] AndroidManifest.xml:43:9-50:20
149            android:name="androidx.test.core.app.InstrumentationActivityInvoker$EmptyFloatingActivity"
149-->[androidx.test:core:1.4.0] AndroidManifest.xml:44:13-103
150            android:exported="true"
150-->[androidx.test:core:1.4.0] AndroidManifest.xml:45:13-36
151            android:theme="@android:style/Theme.Dialog" >
151-->[androidx.test:core:1.4.0] AndroidManifest.xml:46:13-56
152            <intent-filter>
152-->[androidx.test:core:1.4.0] AndroidManifest.xml:31:13-33:29
153                <action android:name="android.intent.action.MAIN" />
153-->src\main\AndroidManifest.xml:21:17-69
153-->src\main\AndroidManifest.xml:21:25-66
154            </intent-filter>
155        </activity>
156    </application>
157
158</manifest>